750
22
28
78
83
109
113
125
127
154
179
196
197
217
219
241
260
286
294
314
416
472
488
497
546
550
557
567
588
638
645
723
725
728
732
745
761
771
779
802
836
890
962
969
13
19
38
50
87
145
149
181
187
201
211
216
247
254
275
277
287
300
301
320
329
367
381
387
404
468
480
508
555
559
561
576
606
623
654
706
739
746
775
799
867
877
889
913
924
939
942
950
954
964
994
4
5
11
23
34
81
89
90
92
103
139
148
166
228
281
296
302
313
348
349
360
364
370
411
423
429
433
450
451
457
467
479
485
504
509
539
541
551
616
629
644
648
677
679
704
729
755
756
757
768
777
792
803
830
855
864
880
887
899
923
963
972
9
21
35
48
70
98
106
167
202
208
265
292
305
389
456
462
463
499
500
507
530
532
549
594
613
614
627
641
688
712
736
860
896
900
905
907
926
936
951
986
992
3
25
41
111
120
159
189
245
251
272
347
352
361
391
393
435
436
502
516
533
554
570
584
610
650
663
671
707
708
718
743
812
820
831
844
845
870
878
888
921
944
970
987
998
8 999
15 985
20 980
27 945
51 916
88 902
91 892
94 798
108 783
114 750
118 749
162 699
169 696
183 603
204 600
242 598
249 587
262 578
263 568
289 564
339 558
341 523
344 512
372 496
392 449
408 445
409 427
469 418
470 403
471 398
511 363
521 324
543 322
581 253
615 221
619 207
661 190
721 180
744 152
795 104
796 97
797 84
814 79
837 54
847 53
861 979
894 974
995 968
10 946
26 941
31 940
44 909
67 904
101 901
105 898
150 884
153 883
155 788
195 782
200 762
243 752
256 700
386 685
401 683
402 673
413 659
415 635
438 634
447 618
458 589
475 552
481 548
513 542
522 527
524 476
617 466
620 419
665 417
670 399
686 395
714 310
735 295
740 291
751 264
813 237
817 191
840 185
846 175
856 117
873 86
885 69
929 68
960 64
982 981
991 961
993 928
49 910
52 897
72 868
99 828
130 824
133 806
137 793
138 781
231 773
236 731
270 720
304 717
307 698
318 676
327 668
368 666
376 660
383 637
394 636
410 633
422 632
424 631
444 630
452 608
454 607
455 535
482 510
494 498
537 487
544 484
674 432
701 384
703 343
716 337
726 335
765 269
770 257
800 248
808 246
832 224
881 214
912 206
932 161
956 158
977 131
988 119
129 990
134 934
144 927
147 919
156 918
157 911
182 882
188 871
259 816
285 789
297 759
321 710
330 709
345 628
371 601
388 599
407 580
414 577
443 545
490 529
518 464
525 428
562 390
571 385
572 366
583 359
612 331
625 280
643 271
662 218
675 143
697 128
705 116
760 71
794 59
801 55
825 46
833 2
835 996
841 967
853 965
862 958
872 957
891 949
903 930
915 876
937 838
947 834
953 818
984 810
6 774
18 769
124 758
146 753
151 715
165 711
173 684
199 657
227 651
244 595
252 590
273 585
290 582
336 579
350 563
355 517
365 503
373 501
382 495
405 492
426 478
434 465
437 375
459 353
474 338
528 288
534 266
566 238
573 234
609 226
622 198
624 172
664 171
681 168
689 163
695 160
737 126
763 123
805 102
857 96
866 95
879 76
920 65
952 47
973 36
39
60
73
142
178
203
225
229
232
233
255
261
267
278
279
284
299
311
328
358
362
369
396
400
406
421
430
442
460
483
526
596
597
604
605
669
687
719
754
786
815
821
852
863
865
886
906
922
935
978
553 306
461 586
858 215
12 85
30 82
32 66
40 58
80 57
93 37
115 0
653 223
547 250
943 61
7
24
29
62
63
100
140
177
193
212
213
222
240
274
283
309
319
439
440
446
473
514
536
560
565
591
593
640
656
682
693
724
727
776
787
804
811
827
839
849
850
851
875
908
925
931
933
975
997
1
45
75
77
121
136
174
184
186
209
239
298
303
312
315
332
342
346
356
377
378
380
412
425
453
486
489
491
519
520
540
574
611
652
658
667
672
680
690
692
702
713
733
742
778
785
790
791
807
809
819
822
823
826
842
869
874
893
895
917
983
74
107
110
112
132
164
170
176
205
230
235
258
293
316
323
325
326
334
340
351
354
357
374
379
397
431
441
515
531
538
556
575
592
621
647
655
678
730
738
741
747
764
767
772
829
843
848
854
914
938
955
966
976
14
16
17
33
42
43
135
141
192
194
210
220
268
276
282
308
317
333
420
448
477
493
505
506
569
602
626
639
642
646
649
691
694
722
734
748
766
780
784
859
948
959
971
989
56
122